<?xml version="1.0" encoding="UTF-8"?>
<testng-results skipped="0" failed="0" ignored="0" total="1" passed="1">
  <reporter-output>
  </reporter-output>
  <suite name="Default suite" duration-ms="14751" started-at="2019-06-03T16:14:43Z" finished-at="2019-06-03T16:14:58Z">
    <groups>
    </groups>
    <test name="Default test" duration-ms="14751" started-at="2019-06-03T16:14:43Z" finished-at="2019-06-03T16:14:58Z">
      <class name="commy.NewTest">
        <test-method status="PASS" signature="beforeMethod()[pri:0, instance:commy.NewTest@26be92ad]" name="beforeMethod" is-config="true" duration-ms="13894" started-at="2019-06-03T21:44:43Z" finished-at="2019-06-03T21:44:57Z">
          <reporter-output>
          </reporter-output>
        </test-method> <!-- beforeMethod -->
        <test-method status="PASS" signature="f()[pri:0, instance:commy.NewTest@26be92ad]" name="f" duration-ms="13" started-at="2019-06-03T21:44:57Z" finished-at="2019-06-03T21:44:57Z">
          <reporter-output>
          </reporter-output>
        </test-method> <!-- f -->
        <test-method status="PASS" signature="afterMethod()[pri:0, instance:commy.NewTest@26be92ad]" name="afterMethod" is-config="true" duration-ms="819" started-at="2019-06-03T21:44:57Z" finished-at="2019-06-03T21:44:58Z">
          <reporter-output>
          </reporter-output>
        </test-method> <!-- afterMethod -->
      </class> <!-- commy.NewTest -->
    </test> <!-- Default test -->
  </suite> <!-- Default suite -->
</testng-results>
